<?xml version="1.0" encoding="utf-8"?>
<CoverageSession xmlns:xsd="http://www.w3.org/2001/XMLSchema" xmlns:xsi="http://www.w3.org/2001/XMLSchema-instance">
  <Summary numSequencePoints="126" visitedSequencePoints="119" numBranchPoints="51" visitedBranchPoints="45" sequenceCoverage="94.44" branchCoverage="88.24" maxCyclomaticComplexity="4" minCyclomaticComplexity="1" visitedClasses="1" numClasses="1" visitedMethods="15" numMethods="15" />
  <Modules>
    <Module skippedDueTo="Filter" hash="F4-33-49-73-62-46-81-15-AC-00-38-F3-28-E9-69-3E-B6-DB-33-90">
      <ModulePath>C:\Windows\assembly\GAC_64\mscorlib\2.0.0.0__b77a5c561934e089\mscorlib.dll</ModulePath>
      <ModuleTime>2015-06-18T01:03:58Z</ModuleTime>
      <ModuleName>mscorlib</ModuleName>
      <Classes />
    </Module>
    <Module skippedDueTo="Filter" hash="F9-04-A8-31-CD-FB-23-72-95-63-5D-14-9A-A0-66-8E-7F-44-93-7A">
      <ModulePath>C:\Windows\assembly\GAC_64\mscorlib\2.0.0.0__b77a5c561934e089\sorttbls.nlp</ModulePath>
      <ModuleTime>2015-06-18T01:04:00Z</ModuleTime>
      <ModuleName>mscorlib</ModuleName>
      <Classes />
    </Module>
    <Module skippedDueTo="Filter" hash="76-94-1F-4A-49-D5-39-68-7D-3F-F4-95-55-3D-ED-D1-4C-C3-45-9C">
      <ModulePath>C:\Program Files (x86)\NUnit 2.6.1\bin\nunit-console.exe</ModulePath>
      <ModuleTime>2012-08-04T22:38:36Z</ModuleTime>
      <ModuleName>nunit-console</ModuleName>
      <Classes />
    </Module>
    <Module skippedDueTo="Filter" hash="6E-30-2E-50-36-FB-60-2C-8E-50-C0-83-54-8B-CC-EA-A8-91-B6-CC">
      <ModulePath>C:\Windows\assembly\GAC_64\mscorlib\2.0.0.0__b77a5c561934e089\sortkey.nlp</ModulePath>
      <ModuleTime>2015-06-18T01:04:00Z</ModuleTime>
      <ModuleName>mscorlib</ModuleName>
      <Classes />
    </Module>
    <Module skippedDueTo="Filter" hash="DB-17-9C-E6-3C-77-5A-A4-6F-5F-4C-FB-FA-68-1F-B5-02-76-57-12">
      <ModulePath>C:\Program Files (x86)\NUnit 2.6.1\bin\lib\nunit-console-runner.dll</ModulePath>
      <ModuleTime>2012-08-04T22:38:36Z</ModuleTime>
      <ModuleName>nunit-console-runner</ModuleName>
      <Classes />
    </Module>
    <Module skippedDueTo="Filter" hash="A7-7E-AB-C5-2A-FE-F9-D4-CC-67-6A-D5-8C-0B-C4-2D-5C-D1-CD-65">
      <ModulePath>C:\Program Files (x86)\NUnit 2.6.1\bin\lib\nunit.core.dll</ModulePath>
      <ModuleTime>2012-08-04T22:38:30Z</ModuleTime>
      <ModuleName>nunit.core</ModuleName>
      <Classes />
    </Module>
    <Module skippedDueTo="Filter" hash="92-AA-30-67-EA-08-01-EA-3F-25-BE-3A-9C-BA-AE-DF-5D-F1-22-9E">
      <ModulePath>C:\Program Files (x86)\NUnit 2.6.1\bin\lib\nunit.util.dll</ModulePath>
      <ModuleTime>2012-08-04T22:38:34Z</ModuleTime>
      <ModuleName>nunit.util</ModuleName>
      <Classes />
    </Module>
    <Module skippedDueTo="Filter" hash="73-5E-17-EE-D5-9C-28-AE-E3-A7-BD-34-38-AA-AC-45-CB-60-D6-0F">
      <ModulePath>C:\Program Files (x86)\NUnit 2.6.1\bin\lib\nunit.core.interfaces.dll</ModulePath>
      <ModuleTime>2012-08-04T22:38:30Z</ModuleTime>
      <ModuleName>nunit.core.interfaces</ModuleName>
      <Classes />
    </Module>
    <Module skippedDueTo="Filter" hash="0F-82-09-6F-47-14-D9-A3-3B-F8-57-B9-B1-A6-46-3B-2A-2B-E9-CD">
      <ModulePath>C:\Windows\assembly\GAC_MSIL\System.Configuration\2.0.0.0__b03f5f7f11d50a3a\System.Configuration.dll</ModulePath>
      <ModuleTime>2015-05-30T04:06:48Z</ModuleTime>
      <ModuleName>System.Configuration</ModuleName>
      <Classes />
    </Module>
    <Module skippedDueTo="Filter" hash="EA-92-38-5E-9D-EA-8A-E7-BE-16-8C-F4-09-EC-40-CC-43-49-4B-15">
      <ModulePath>C:\Windows\assembly\GAC_MSIL\System\2.0.0.0__b77a5c561934e089\System.dll</ModulePath>
      <ModuleTime>2015-05-30T04:06:48Z</ModuleTime>
      <ModuleName>System</ModuleName>
      <Classes />
    </Module>
    <Module skippedDueTo="Filter" hash="E1-8C-D8-8A-50-BD-6D-E3-9B-47-F0-39-BE-8E-D1-2B-CF-25-89-2B">
      <ModulePath>C:\Windows\assembly\GAC_MSIL\System.Xml\2.0.0.0__b77a5c561934e089\System.Xml.dll</ModulePath>
      <ModuleTime>2015-05-30T04:06:48Z</ModuleTime>
      <ModuleName>System.Xml</ModuleName>
      <Classes />
    </Module>
    <Module skippedDueTo="Filter" hash="16-C7-8D-BC-66-9E-99-9D-FA-F1-6B-E6-CD-B5-00-D9-FF-42-73-DC">
      <ModulePath>C:\Windows\assembly\GAC_MSIL\System.Runtime.Remoting\2.0.0.0__b77a5c561934e089\System.Runtime.Remoting.dll</ModulePath>
      <ModuleTime>2015-05-30T04:06:48Z</ModuleTime>
      <ModuleName>System.Runtime.Remoting</ModuleName>
      <Classes />
    </Module>
    <Module skippedDueTo="Filter" hash="D8-53-B0-07-8D-F9-9A-13-7D-98-00-E6-F2-C4-C4-74-70-5D-80-7A">
      <ModulePath>C:\Windows\Microsoft.Net\assembly\GAC_64\mscorlib\v4.0_4.0.0.0__b77a5c561934e089\mscorlib.dll</ModulePath>
      <ModuleTime>2018-09-24T13:34:28.3136172Z</ModuleTime>
      <ModuleName>mscorlib</ModuleName>
      <Classes />
    </Module>
    <Module skippedDueTo="Filter" hash="34-0B-63-A5-3D-FB-89-7C-30-E8-EB-65-6F-66-89-61-A1-7E-B1-F7">
      <ModulePath>C:\Program Files (x86)\NUnit 2.6.1\bin\nunit-agent.exe</ModulePath>
      <ModuleTime>2012-08-04T22:38:36Z</ModuleTime>
      <ModuleName>nunit-agent</ModuleName>
      <Classes />
    </Module>
    <Module skippedDueTo="Filter" hash="A7-7E-AB-C5-2A-FE-F9-D4-CC-67-6A-D5-8C-0B-C4-2D-5C-D1-CD-65">
      <ModulePath>C:\Program Files (x86)\NUnit 2.6.1\bin\lib\nunit.core.dll</ModulePath>
      <ModuleTime>2012-08-04T22:38:30Z</ModuleTime>
      <ModuleName>nunit.core</ModuleName>
      <Classes />
    </Module>
    <Module skippedDueTo="Filter" hash="92-AA-30-67-EA-08-01-EA-3F-25-BE-3A-9C-BA-AE-DF-5D-F1-22-9E">
      <ModulePath>C:\Program Files (x86)\NUnit 2.6.1\bin\lib\nunit.util.dll</ModulePath>
      <ModuleTime>2012-08-04T22:38:34Z</ModuleTime>
      <ModuleName>nunit.util</ModuleName>
      <Classes />
    </Module>
    <Module skippedDueTo="Filter" hash="73-5E-17-EE-D5-9C-28-AE-E3-A7-BD-34-38-AA-AC-45-CB-60-D6-0F">
      <ModulePath>C:\Program Files (x86)\NUnit 2.6.1\bin\lib\nunit.core.interfaces.dll</ModulePath>
      <ModuleTime>2012-08-04T22:38:30Z</ModuleTime>
      <ModuleName>nunit.core.interfaces</ModuleName>
      <Classes />
    </Module>
    <Module skippedDueTo="Filter" hash="EE-77-8B-34-FE-47-61-EA-AD-62-7D-B3-79-79-9C-B7-64-F3-12-03">
      <ModulePath>C:\Windows\Microsoft.Net\assembly\GAC_MSIL\System\v4.0_4.0.0.0__b77a5c561934e089\System.dll</ModulePath>
      <ModuleTime>2018-09-24T13:34:33.2354888Z</ModuleTime>
      <ModuleName>System</ModuleName>
      <Classes />
    </Module>
    <Module skippedDueTo="Filter" hash="0F-6F-F3-F5-1C-3A-A7-26-E2-D9-16-C9-A4-9C-AD-C3-B6-CA-24-A2">
      <ModulePath>C:\Windows\Microsoft.Net\assembly\GAC_MSIL\System.Runtime.Remoting\v4.0_4.0.0.0__b77a5c561934e089\System.Runtime.Remoting.dll</ModulePath>
      <ModuleTime>2018-09-24T13:34:28.5948645Z</ModuleTime>
      <ModuleName>System.Runtime.Remoting</ModuleName>
      <Classes />
    </Module>
    <Module skippedDueTo="Filter" hash="9C-DB-95-DC-25-D5-38-7E-C2-3A-20-8F-14-5D-A9-56-2A-D7-00-E3">
      <ModulePath>C:\Windows\Microsoft.Net\assembly\GAC_MSIL\System.Configuration\v4.0_4.0.0.0__b03f5f7f11d50a3a\System.Configuration.dll</ModulePath>
      <ModuleTime>2018-09-24T13:34:28.5011164Z</ModuleTime>
      <ModuleName>System.Configuration</ModuleName>
      <Classes />
    </Module>
    <Module skippedDueTo="Filter" hash="F7-E9-75-D6-35-98-70-4A-0F-45-76-1B-B3-83-70-38-5E-DF-02-47">
      <ModulePath>C:\Windows\Microsoft.Net\assembly\GAC_MSIL\System.Xml\v4.0_4.0.0.0__b77a5c561934e089\System.Xml.dll</ModulePath>
      <ModuleTime>2018-09-24T13:34:29.0792401Z</ModuleTime>
      <ModuleName>System.Xml</ModuleName>
      <Classes />
    </Module>
    <Module skippedDueTo="Filter" hash="F3-16-D4-5E-C5-50-B3-22-7B-4E-24-71-CD-D2-35-E6-9C-74-2B-E4">
      <ModulePath>C:\Windows\Microsoft.Net\assembly\GAC_64\System.Web\v4.0_4.0.0.0__b03f5f7f11d50a3a\System.Web.dll</ModulePath>
      <ModuleTime>2018-09-24T13:34:28.7354896Z</ModuleTime>
      <ModuleName>System.Web</ModuleName>
      <Classes />
    </Module>
    <Module skippedDueTo="Filter" hash="A7-7E-AB-C5-2A-FE-F9-D4-CC-67-6A-D5-8C-0B-C4-2D-5C-D1-CD-65">
      <ModulePath>C:\Program Files (x86)\NUnit 2.6.1\bin\lib\nunit.core.dll</ModulePath>
      <ModuleTime>2012-08-04T22:38:30Z</ModuleTime>
      <ModuleName>nunit.core</ModuleName>
      <Classes />
    </Module>
    <Module skippedDueTo="Filter" hash="A8-1E-EE-10-62-31-AB-BB-C2-EC-A1-0B-3D-CE-48-EA-52-18-2B-3F">
      <ModulePath>C:\Windows\assembly\GAC_64\System.Web\2.0.0.0__b03f5f7f11d50a3a\System.Web.dll</ModulePath>
      <ModuleTime>2015-06-18T01:04:00Z</ModuleTime>
      <ModuleName>System.Web</ModuleName>
      <Classes />
    </Module>
    <Module skippedDueTo="Filter" hash="EE-77-8B-34-FE-47-61-EA-AD-62-7D-B3-79-79-9C-B7-64-F3-12-03">
      <ModulePath>C:\Windows\Microsoft.Net\assembly\GAC_MSIL\System\v4.0_4.0.0.0__b77a5c561934e089\System.dll</ModulePath>
      <ModuleTime>2018-09-24T13:34:33.2354888Z</ModuleTime>
      <ModuleName>System</ModuleName>
      <Classes />
    </Module>
    <Module skippedDueTo="Filter" hash="73-5E-17-EE-D5-9C-28-AE-E3-A7-BD-34-38-AA-AC-45-CB-60-D6-0F">
      <ModulePath>C:\Program Files (x86)\NUnit 2.6.1\bin\lib\nunit.core.interfaces.dll</ModulePath>
      <ModuleTime>2012-08-04T22:38:30Z</ModuleTime>
      <ModuleName>nunit.core.interfaces</ModuleName>
      <Classes />
    </Module>
    <Module skippedDueTo="Filter" hash="18-51-60-78-6F-A3-87-E3-1C-93-DE-C5-25-B0-97-B7-87-16-08-EF">
      <ModulePath>C:\FSD\Final\ProjectManagement\Service\ProjectManager.Service\ProjectManager.Api.Tests\bin\Debug\ProjectManager.Api.Tests.dll</ModulePath>
      <ModuleTime>2019-02-26T10:46:46.8652653Z</ModuleTime>
      <ModuleName>ProjectManager.Api.Tests</ModuleName>
      <Classes />
    </Module>
    <Module skippedDueTo="Filter" hash="AF-00-89-8E-23-29-6C-3D-DA-76-42-D2-8F-D5-0D-78-C7-55-E7-F5">
      <ModulePath>C:\FSD\Final\ProjectManagement\Service\ProjectManager.Service\ProjectManager.Api.Tests\bin\Debug\nunit.framework.dll</ModulePath>
      <ModuleTime>2018-03-13T05:58:16Z</ModuleTime>
      <ModuleName>nunit.framework</ModuleName>
      <Classes />
    </Module>
    <Module skippedDueTo="Filter" hash="DB-17-9C-E6-3C-77-5A-A4-6F-5F-4C-FB-FA-68-1F-B5-02-76-57-12">
      <ModulePath>C:\Program Files (x86)\NUnit 2.6.1\bin\lib\nunit-console-runner.dll</ModulePath>
      <ModuleTime>2012-08-04T22:38:36Z</ModuleTime>
      <ModuleName>nunit-console-runner</ModuleName>
      <Classes />
    </Module>
    <Module skippedDueTo="Filter" hash="0F-6F-F3-F5-1C-3A-A7-26-E2-D9-16-C9-A4-9C-AD-C3-B6-CA-24-A2">
      <ModulePath>C:\Windows\Microsoft.Net\assembly\GAC_MSIL\System.Runtime.Remoting\v4.0_4.0.0.0__b77a5c561934e089\System.Runtime.Remoting.dll</ModulePath>
      <ModuleTime>2018-09-24T13:34:28.5948645Z</ModuleTime>
      <ModuleName>System.Runtime.Remoting</ModuleName>
      <Classes />
    </Module>
    <Module skippedDueTo="Filter" hash="9C-DB-95-DC-25-D5-38-7E-C2-3A-20-8F-14-5D-A9-56-2A-D7-00-E3">
      <ModulePath>C:\Windows\Microsoft.Net\assembly\GAC_MSIL\System.Configuration\v4.0_4.0.0.0__b03f5f7f11d50a3a\System.Configuration.dll</ModulePath>
      <ModuleTime>2018-09-24T13:34:28.5011164Z</ModuleTime>
      <ModuleName>System.Configuration</ModuleName>
      <Classes />
    </Module>
    <Module skippedDueTo="Filter" hash="F7-E9-75-D6-35-98-70-4A-0F-45-76-1B-B3-83-70-38-5E-DF-02-47">
      <ModulePath>C:\Windows\Microsoft.Net\assembly\GAC_MSIL\System.Xml\v4.0_4.0.0.0__b77a5c561934e089\System.Xml.dll</ModulePath>
      <ModuleTime>2018-09-24T13:34:29.0792401Z</ModuleTime>
      <ModuleName>System.Xml</ModuleName>
      <Classes />
    </Module>
    <Module skippedDueTo="Filter" hash="C6-0C-FC-D7-BD-3D-2B-EB-27-3E-72-A9-A9-82-4C-6D-8C-5B-59-10">
      <ModulePath>C:\FSD\Final\ProjectManagement\Service\ProjectManager.Service\ProjectManager.Api.Tests\bin\Debug\Unity.Container.dll</ModulePath>
      <ModuleTime>2018-09-01T10:59:40Z</ModuleTime>
      <ModuleName>Unity.Container</ModuleName>
      <Classes />
    </Module>
    <Module skippedDueTo="Filter" hash="F5-2F-9C-89-88-0A-2F-64-FD-97-36-8D-B9-93-25-88-4B-44-49-41">
      <ModulePath>C:\FSD\Final\ProjectManagement\Service\ProjectManager.Service\ProjectManager.Api.Tests\bin\Debug\Unity.Abstractions.dll</ModulePath>
      <ModuleTime>2018-08-13T04:48:58Z</ModuleTime>
      <ModuleName>Unity.Abstractions</ModuleName>
      <Classes />
    </Module>
    <Module skippedDueTo="Filter" hash="8D-0E-E9-DD-A1-E5-C6-84-4E-97-71-6F-D9-98-50-3D-73-08-1B-54">
      <ModulePath>C:\FSD\Final\ProjectManagement\Service\ProjectManager.Service\ProjectManager.Api.Tests\bin\Debug\ProjectManager.DAL.dll</ModulePath>
      <ModuleTime>2019-02-26T10:02:14.7055741Z</ModuleTime>
      <ModuleName>ProjectManager.DAL</ModuleName>
      <Classes />
    </Module>
    <Module skippedDueTo="Filter" hash="12-3F-E3-10-D1-D0-35-93-2B-65-FA-C5-00-62-09-C4-DC-D6-92-BF">
      <ModulePath>C:\FSD\Final\ProjectManagement\Service\ProjectManager.Service\ProjectManager.Api.Tests\bin\Debug\EntityFramework.dll</ModulePath>
      <ModuleTime>2017-10-23T20:15:18Z</ModuleTime>
      <ModuleName>EntityFramework</ModuleName>
      <Classes />
    </Module>
    <Module skippedDueTo="Filter" hash="2B-F6-8E-FE-56-F7-92-85-21-F4-10-65-D7-15-EA-AF-C1-8A-D2-F3">
      <ModulePath>C:\FSD\Final\ProjectManagement\Service\ProjectManager.Service\ProjectManager.Api.Tests\bin\Debug\ProjectManager.QualityTools.dll</ModulePath>
      <ModuleTime>2019-02-26T10:10:36.9996278Z</ModuleTime>
      <ModuleName>ProjectManager.QualityTools</ModuleName>
      <Classes />
    </Module>
    <Module skippedDueTo="Filter" hash="69-1A-14-F6-1D-9F-F7-6B-63-06-6C-44-6B-06-CF-00-0E-B0-CA-3D">
      <ModulePath>C:\FSD\Final\ProjectManagement\Service\ProjectManager.Service\ProjectManager.Api.Tests\bin\Debug\ProjectManager.Entities.dll</ModulePath>
      <ModuleTime>2019-02-13T06:52:13.3289535Z</ModuleTime>
      <ModuleName>ProjectManager.Entities</ModuleName>
      <Classes />
    </Module>
    <Module skippedDueTo="Filter" hash="C4-02-8C-80-F1-F8-B8-6D-F3-AF-20-64-59-49-02-97-15-C8-0C-DE">
      <ModulePath>C:\FSD\Final\ProjectManagement\Service\ProjectManager.Service\ProjectManager.Api.Tests\bin\Debug\ProjectManager.BusinessLayer.dll</ModulePath>
      <ModuleTime>2019-02-26T10:02:17.0015692Z</ModuleTime>
      <ModuleName>ProjectManager.BusinessLayer</ModuleName>
      <Classes />
    </Module>
    <Module hash="FE-4F-06-3C-DA-97-B0-24-A7-F0-E5-B6-9F-89-D2-38-9D-0B-18-52">
      <Summary numSequencePoints="126" visitedSequencePoints="119" numBranchPoints="51" visitedBranchPoints="45" sequenceCoverage="94.44" branchCoverage="88.24" maxCyclomaticComplexity="4" minCyclomaticComplexity="1" visitedClasses="1" numClasses="1" visitedMethods="15" numMethods="15" />
      <ModulePath>C:\FSD\Final\ProjectManagement\Service\ProjectManager.Service\ProjectManager.Api.Tests\bin\Debug\ProjectManager.Api.dll</ModulePath>
      <ModuleTime>2019-02-26T10:46:36.5462946Z</ModuleTime>
      <ModuleName>ProjectManager.Api</ModuleName>
      <Files>
        <File uid="1" fullPath="C:\FSD\Final\ProjectManagement\Service\ProjectManager.Service\ProjectManager.Api\Controllers\ProjectManagerController.cs" />
      </Files>
      <Classes>
        <Class skippedDueTo="Filter">
          <FullName>&lt;Module&gt;</FullName>
          <Methods />
        </Class>
        <Class skippedDueTo="Filter">
          <FullName>&lt;&gt;f__AnonymousType0`3</FullName>
          <Methods />
        </Class>
        <Class skippedDueTo="Filter">
          <FullName>&lt;&gt;f__AnonymousType1`1</FullName>
          <Methods />
        </Class>
        <Class skippedDueTo="Filter">
          <FullName>&lt;&gt;f__AnonymousType2`3</FullName>
          <Methods />
        </Class>
        <Class skippedDueTo="Filter">
          <FullName>ProjectManager.API.UnityConfig</FullName>
          <Methods />
        </Class>
        <Class skippedDueTo="Filter">
          <FullName>ProjectManager.API.UnityConfig/&lt;&gt;c</FullName>
          <Methods />
        </Class>
        <Class skippedDueTo="Filter">
          <FullName>ProjectManager.API.UnityWebApiActivator</FullName>
          <Methods />
        </Class>
        <Class skippedDueTo="Filter">
          <FullName>ProjectManager.API.Utils.CollectionExtentions</FullName>
          <Methods />
        </Class>
        <Class skippedDueTo="Filter">
          <FullName>ProjectManager.API.Security.CorsPolicyFactory</FullName>
          <Methods />
        </Class>
        <Class skippedDueTo="Filter">
          <FullName>ProjectManager.API.Security.CorsPolicyProvider</FullName>
          <Methods />
        </Class>
        <Class skippedDueTo="Filter">
          <FullName>ProjectManager.API.Security.CorsPolicyProvider/&lt;&gt;c</FullName>
          <Methods />
        </Class>
        <Class>
          <Summary numSequencePoints="126" visitedSequencePoints="119" numBranchPoints="51" visitedBranchPoints="45" sequenceCoverage="94.44" branchCoverage="88.24" maxCyclomaticComplexity="4" minCyclomaticComplexity="1" visitedClasses="1" numClasses="1" visitedMethods="15" numMethods="15" />
          <FullName>ProjectManager.API.Controllers.ProjectManagerController</FullName>
          <Methods>
            <Method visited="true" cyclomaticComplexity="1" nPathComplexity="0" sequenceCoverage="100" branchCoverage="100" isConstructor="true" isStatic="false" isGetter="false" isSetter="false">
              <Summary numSequencePoints="4" visitedSequencePoints="4" numBranchPoints="1" visitedBranchPoints="1" sequenceCoverage="100" branchCoverage="100" maxCyclomaticComplexity="1" minCyclomaticComplexity="1" visitedClasses="0" numClasses="0" visitedMethods="1" numMethods="1" />
              <MetadataToken>100663327</MetadataToken>
              <Name>System.Void ProjectManager.API.Controllers.ProjectManagerController::.ctor(ProjectManager.BusinessLayer.IProjectManagerService)</Name>
              <FileRef uid="1" />
              <SequencePoints>
                <SequencePoint vc="36" uspid="1" ordinal="0" offset="0" sl="20" sc="9" el="20" ec="74" bec="0" bev="0" fileid="1" />
                <SequencePoint vc="36" uspid="2" ordinal="1" offset="7" sl="21" sc="9" el="21" ec="10" bec="0" bev="0" fileid="1" />
                <SequencePoint vc="36" uspid="3" ordinal="2" offset="8" sl="22" sc="13" el="22" ec="40" bec="0" bev="0" fileid="1" />
                <SequencePoint vc="36" uspid="4" ordinal="3" offset="15" sl="23" sc="9" el="23" ec="10" bec="0" bev="0" fileid="1" />
              </SequencePoints>
              <BranchPoints />
              <MethodPoint xsi:type="SequencePoint" vc="36" uspid="1" ordinal="0" offset="0" sl="20" sc="9" el="20" ec="74" bec="0" bev="0" fileid="1" />
            </Method>
            <Method visited="true" cyclomaticComplexity="1" nPathComplexity="0" sequenceCoverage="100" branchCoverage="100" isConstructor="false" isStatic="false" isGetter="false" isSetter="false">
              <Summary numSequencePoints="5" visitedSequencePoints="5" numBranchPoints="1" visitedBranchPoints="1" sequenceCoverage="100" branchCoverage="100" maxCyclomaticComplexity="1" minCyclomaticComplexity="1" visitedClasses="0" numClasses="0" visitedMethods="1" numMethods="1" />
              <MetadataToken>100663328</MetadataToken>
              <Name>System.Collections.Generic.ICollection`1&lt;ProjectManager.Entities.UserModel&gt; ProjectManager.API.Controllers.ProjectManagerController::GetUsers()</Name>
              <FileRef uid="1" />
              <SequencePoints>
                <SequencePoint vc="1" uspid="5" ordinal="0" offset="0" sl="29" sc="9" el="29" ec="10" bec="0" bev="0" fileid="1" />
                <SequencePoint vc="1" uspid="6" ordinal="1" offset="1" sl="30" sc="13" el="30" ec="47" bec="0" bev="0" fileid="1" />
                <SequencePoint vc="1" uspid="7" ordinal="2" offset="13" sl="31" sc="13" el="31" ec="50" bec="0" bev="0" fileid="1" />
                <SequencePoint vc="1" uspid="8" ordinal="3" offset="25" sl="32" sc="13" el="32" ec="27" bec="0" bev="0" fileid="1" />
                <SequencePoint vc="1" uspid="9" ordinal="4" offset="29" sl="33" sc="9" el="33" ec="10" bec="0" bev="0" fileid="1" />
              </SequencePoints>
              <BranchPoints />
              <MethodPoint xsi:type="SequencePoint" vc="1" uspid="5" ordinal="0" offset="0" sl="29" sc="9" el="29" ec="10" bec="0" bev="0" fileid="1" />
            </Method>
            <Method visited="true" cyclomaticComplexity="4" nPathComplexity="8" sequenceCoverage="92.86" branchCoverage="85.71" isConstructor="false" isStatic="false" isGetter="false" isSetter="false">
              <Summary numSequencePoints="14" visitedSequencePoints="13" numBranchPoints="7" visitedBranchPoints="6" sequenceCoverage="92.86" branchCoverage="85.71" maxCyclomaticComplexity="4" minCyclomaticComplexity="4" visitedClasses="0" numClasses="0" visitedMethods="1" numMethods="1" />
              <MetadataToken>100663329</MetadataToken>
              <Name>System.Web.Http.IHttpActionResult ProjectManager.API.Controllers.ProjectManagerController::AddUser(ProjectManager.Entities.UserModel)</Name>
              <FileRef uid="1" />
              <SequencePoints>
                <SequencePoint vc="4" uspid="10" ordinal="0" offset="0" sl="39" sc="9" el="39" ec="10" bec="0" bev="0" fileid="1" />
                <SequencePoint vc="4" uspid="11" ordinal="1" offset="1" sl="41" sc="13" el="41" ec="37" bec="2" bev="2" fileid="1" />
                <SequencePoint vc="1" uspid="12" ordinal="2" offset="19" sl="42" sc="13" el="42" ec="14" bec="0" bev="0" fileid="1" />
                <SequencePoint vc="1" uspid="13" ordinal="3" offset="20" sl="43" sc="17" el="43" ec="47" bec="0" bev="0" fileid="1" />
                <SequencePoint vc="3" uspid="14" ordinal="4" offset="35" sl="46" sc="13" el="46" ec="70" bec="0" bev="0" fileid="1" />
                <SequencePoint vc="3" uspid="15" ordinal="5" offset="53" sl="47" sc="13" el="47" ec="35" bec="2" bev="2" fileid="1" />
                <SequencePoint vc="1" uspid="16" ordinal="6" offset="63" sl="48" sc="13" el="48" ec="14" bec="0" bev="0" fileid="1" />
                <SequencePoint vc="1" uspid="17" ordinal="7" offset="64" sl="49" sc="17" el="49" ec="37" bec="0" bev="0" fileid="1" />
                <SequencePoint vc="2" uspid="18" ordinal="8" offset="73" sl="51" sc="13" el="51" ec="50" bec="0" bev="0" fileid="1" />
                <SequencePoint vc="2" uspid="19" ordinal="9" offset="86" sl="52" sc="13" el="52" ec="32" bec="2" bev="1" fileid="1" />
                <SequencePoint vc="2" uspid="20" ordinal="10" offset="96" sl="53" sc="13" el="53" ec="14" bec="0" bev="0" fileid="1" />
                <SequencePoint vc="2" uspid="21" ordinal="11" offset="97" sl="54" sc="17" el="54" ec="29" bec="0" bev="0" fileid="1" />
                <SequencePoint vc="0" uspid="22" ordinal="12" offset="106" sl="56" sc="13" el="56" ec="33" bec="0" bev="0" fileid="1" />
                <SequencePoint vc="4" uspid="23" ordinal="13" offset="115" sl="57" sc="9" el="57" ec="10" bec="0" bev="0" fileid="1" />
              </SequencePoints>
              <BranchPoints>
                <BranchPoint vc="1" uspid="24" ordinal="0" offset="17" sl="41" path="0" offsetend="19" fileid="1" />
                <BranchPoint vc="3" uspid="25" ordinal="1" offset="17" sl="41" path="1" offsetend="35" fileid="1" />
                <BranchPoint vc="1" uspid="26" ordinal="2" offset="61" sl="47" path="0" offsetend="63" fileid="1" />
                <BranchPoint vc="2" uspid="27" ordinal="3" offset="61" sl="47" path="1" offsetend="73" fileid="1" />
                <BranchPoint vc="2" uspid="28" ordinal="4" offset="94" sl="52" path="0" offsetend="96" fileid="1" />
                <BranchPoint vc="0" uspid="29" ordinal="5" offset="94" sl="52" path="1" offsetend="106" fileid="1" />
              </BranchPoints>
              <MethodPoint xsi:type="SequencePoint" vc="4" uspid="10" ordinal="0" offset="0" sl="39" sc="9" el="39" ec="10" bec="0" bev="0" fileid="1" />
            </Method>
            <Method visited="true" cyclomaticComplexity="4" nPathComplexity="8" sequenceCoverage="92.86" branchCoverage="85.71" isConstructor="false" isStatic="false" isGetter="false" isSetter="false">
              <Summary numSequencePoints="14" visitedSequencePoints="13" numBranchPoints="7" visitedBranchPoints="6" sequenceCoverage="92.86" branchCoverage="85.71" maxCyclomaticComplexity="4" minCyclomaticComplexity="4" visitedClasses="0" numClasses="0" visitedMethods="1" numMethods="1" />
              <MetadataToken>100663330</MetadataToken>
              <Name>System.Web.Http.IHttpActionResult ProjectManager.API.Controllers.ProjectManagerController::UpdateUser(ProjectManager.Entities.UserModel)</Name>
              <FileRef uid="1" />
              <SequencePoints>
                <SequencePoint vc="3" uspid="30" ordinal="0" offset="0" sl="63" sc="9" el="63" ec="10" bec="0" bev="0" fileid="1" />
                <SequencePoint vc="3" uspid="31" ordinal="1" offset="1" sl="64" sc="13" el="64" ec="37" bec="2" bev="2" fileid="1" />
                <SequencePoint vc="1" uspid="32" ordinal="2" offset="19" sl="65" sc="13" el="65" ec="14" bec="0" bev="0" fileid="1" />
                <SequencePoint vc="1" uspid="33" ordinal="3" offset="20" sl="66" sc="17" el="66" ec="47" bec="0" bev="0" fileid="1" />
                <SequencePoint vc="2" uspid="34" ordinal="4" offset="35" sl="69" sc="13" el="69" ec="70" bec="0" bev="0" fileid="1" />
                <SequencePoint vc="2" uspid="35" ordinal="5" offset="53" sl="70" sc="13" el="70" ec="35" bec="2" bev="2" fileid="1" />
                <SequencePoint vc="1" uspid="36" ordinal="6" offset="63" sl="71" sc="13" el="71" ec="14" bec="0" bev="0" fileid="1" />
                <SequencePoint vc="1" uspid="37" ordinal="7" offset="64" sl="72" sc="17" el="72" ec="37" bec="0" bev="0" fileid="1" />
                <SequencePoint vc="1" uspid="38" ordinal="8" offset="73" sl="74" sc="13" el="74" ec="53" bec="0" bev="0" fileid="1" />
                <SequencePoint vc="1" uspid="39" ordinal="9" offset="86" sl="76" sc="13" el="76" ec="32" bec="2" bev="1" fileid="1" />
                <SequencePoint vc="1" uspid="40" ordinal="10" offset="96" sl="77" sc="13" el="77" ec="14" bec="0" bev="0" fileid="1" />
                <SequencePoint vc="1" uspid="41" ordinal="11" offset="97" sl="78" sc="17" el="78" ec="54" bec="0" bev="0" fileid="1" />
                <SequencePoint vc="0" uspid="42" ordinal="12" offset="111" sl="80" sc="13" el="80" ec="33" bec="0" bev="0" fileid="1" />
                <SequencePoint vc="3" uspid="43" ordinal="13" offset="120" sl="81" sc="9" el="81" ec="10" bec="0" bev="0" fileid="1" />
              </SequencePoints>
              <BranchPoints>
                <BranchPoint vc="1" uspid="44" ordinal="0" offset="17" sl="64" path="0" offsetend="19" fileid="1" />
                <BranchPoint vc="2" uspid="45" ordinal="1" offset="17" sl="64" path="1" offsetend="35" fileid="1" />
                <BranchPoint vc="1" uspid="46" ordinal="2" offset="61" sl="70" path="0" offsetend="63" fileid="1" />
                <BranchPoint vc="1" uspid="47" ordinal="3" offset="61" sl="70" path="1" offsetend="73" fileid="1" />
                <BranchPoint vc="1" uspid="48" ordinal="4" offset="94" sl="76" path="0" offsetend="96" fileid="1" />
                <BranchPoint vc="0" uspid="49" ordinal="5" offset="94" sl="76" path="1" offsetend="111" fileid="1" />
              </BranchPoints>
              <MethodPoint xsi:type="SequencePoint" vc="3" uspid="30" ordinal="0" offset="0" sl="63" sc="9" el="63" ec="10" bec="0" bev="0" fileid="1" />
            </Method>
            <Method visited="true" cyclomaticComplexity="3" nPathComplexity="4" sequenceCoverage="90.91" branchCoverage="80" isConstructor="false" isStatic="false" isGetter="false" isSetter="false">
              <Summary numSequencePoints="11" visitedSequencePoints="10" numBranchPoints="5" visitedBranchPoints="4" sequenceCoverage="90.91" branchCoverage="80" maxCyclomaticComplexity="3" minCyclomaticComplexity="3" visitedClasses="0" numClasses="0" visitedMethods="1" numMethods="1" />
              <MetadataToken>100663331</MetadataToken>
              <Name>System.Web.Http.IHttpActionResult ProjectManager.API.Controllers.ProjectManagerController::DeleteUser(System.Int32)</Name>
              <FileRef uid="1" />
              <SequencePoints>
                <SequencePoint vc="2" uspid="50" ordinal="0" offset="0" sl="87" sc="9" el="87" ec="10" bec="0" bev="0" fileid="1" />
                <SequencePoint vc="2" uspid="51" ordinal="1" offset="1" sl="88" sc="13" el="88" ec="65" bec="0" bev="0" fileid="1" />
                <SequencePoint vc="2" uspid="52" ordinal="2" offset="14" sl="89" sc="13" el="89" ec="35" bec="2" bev="2" fileid="1" />
                <SequencePoint vc="1" uspid="53" ordinal="3" offset="22" sl="90" sc="13" el="90" ec="14" bec="0" bev="0" fileid="1" />
                <SequencePoint vc="1" uspid="54" ordinal="4" offset="23" sl="91" sc="17" el="91" ec="35" bec="0" bev="0" fileid="1" />
                <SequencePoint vc="1" uspid="55" ordinal="5" offset="32" sl="93" sc="13" el="93" ec="58" bec="0" bev="0" fileid="1" />
                <SequencePoint vc="1" uspid="56" ordinal="6" offset="45" sl="95" sc="13" el="95" ec="24" bec="2" bev="1" fileid="1" />
                <SequencePoint vc="1" uspid="57" ordinal="7" offset="52" sl="96" sc="13" el="96" ec="14" bec="0" bev="0" fileid="1" />
                <SequencePoint vc="1" uspid="58" ordinal="8" offset="53" sl="97" sc="17" el="97" ec="38" bec="0" bev="0" fileid="1" />
                <SequencePoint vc="0" uspid="59" ordinal="9" offset="63" sl="99" sc="13" el="99" ec="33" bec="0" bev="0" fileid="1" />
                <SequencePoint vc="2" uspid="60" ordinal="10" offset="72" sl="100" sc="9" el="100" ec="10" bec="0" bev="0" fileid="1" />
              </SequencePoints>
              <BranchPoints>
                <BranchPoint vc="1" uspid="61" ordinal="0" offset="20" sl="89" path="0" offsetend="22" fileid="1" />
                <BranchPoint vc="1" uspid="62" ordinal="1" offset="20" sl="89" path="1" offsetend="32" fileid="1" />
                <BranchPoint vc="1" uspid="63" ordinal="2" offset="50" sl="95" path="0" offsetend="52" fileid="1" />
                <BranchPoint vc="0" uspid="64" ordinal="3" offset="50" sl="95" path="1" offsetend="63" fileid="1" />
              </BranchPoints>
              <MethodPoint xsi:type="SequencePoint" vc="2" uspid="50" ordinal="0" offset="0" sl="87" sc="9" el="87" ec="10" bec="0" bev="0" fileid="1" />
            </Method>
            <Method visited="true" cyclomaticComplexity="1" nPathComplexity="0" sequenceCoverage="100" branchCoverage="100" isConstructor="false" isStatic="false" isGetter="false" isSetter="false">
              <Summary numSequencePoints="5" visitedSequencePoints="5" numBranchPoints="1" visitedBranchPoints="1" sequenceCoverage="100" branchCoverage="100" maxCyclomaticComplexity="1" minCyclomaticComplexity="1" visitedClasses="0" numClasses="0" visitedMethods="1" numMethods="1" />
              <MetadataToken>100663332</MetadataToken>
              <Name>System.Collections.Generic.ICollection`1&lt;ProjectManager.Entities.ProjectModel&gt; ProjectManager.API.Controllers.ProjectManagerController::GetProjects()</Name>
              <FileRef uid="1" />
              <SequencePoints>
                <SequencePoint vc="1" uspid="65" ordinal="0" offset="0" sl="105" sc="9" el="105" ec="10" bec="0" bev="0" fileid="1" />
                <SequencePoint vc="1" uspid="66" ordinal="1" offset="1" sl="106" sc="13" el="106" ec="50" bec="0" bev="0" fileid="1" />
                <SequencePoint vc="1" uspid="67" ordinal="2" offset="13" sl="107" sc="13" el="107" ec="50" bec="0" bev="0" fileid="1" />
                <SequencePoint vc="1" uspid="68" ordinal="3" offset="25" sl="108" sc="13" el="108" ec="27" bec="0" bev="0" fileid="1" />
                <SequencePoint vc="1" uspid="69" ordinal="4" offset="29" sl="109" sc="9" el="109" ec="10" bec="0" bev="0" fileid="1" />
              </SequencePoints>
              <BranchPoints />
              <MethodPoint xsi:type="SequencePoint" vc="1" uspid="65" ordinal="0" offset="0" sl="105" sc="9" el="105" ec="10" bec="0" bev="0" fileid="1" />
            </Method>
            <Method visited="true" cyclomaticComplexity="4" nPathComplexity="8" sequenceCoverage="92.86" branchCoverage="85.71" isConstructor="false" isStatic="false" isGetter="false" isSetter="false">
              <Summary numSequencePoints="14" visitedSequencePoints="13" numBranchPoints="7" visitedBranchPoints="6" sequenceCoverage="92.86" branchCoverage="85.71" maxCyclomaticComplexity="4" minCyclomaticComplexity="4" visitedClasses="0" numClasses="0" visitedMethods="1" numMethods="1" />
              <MetadataToken>100663333</MetadataToken>
              <Name>System.Web.Http.IHttpActionResult ProjectManager.API.Controllers.ProjectManagerController::AddProject(ProjectManager.Entities.ProjectModel)</Name>
              <FileRef uid="1" />
              <SequencePoints>
                <SequencePoint vc="4" uspid="70" ordinal="0" offset="0" sl="115" sc="9" el="115" ec="10" bec="0" bev="0" fileid="1" />
                <SequencePoint vc="4" uspid="71" ordinal="1" offset="1" sl="117" sc="13" el="117" ec="37" bec="2" bev="2" fileid="1" />
                <SequencePoint vc="1" uspid="72" ordinal="2" offset="19" sl="118" sc="13" el="118" ec="14" bec="0" bev="0" fileid="1" />
                <SequencePoint vc="1" uspid="73" ordinal="3" offset="20" sl="119" sc="17" el="119" ec="47" bec="0" bev="0" fileid="1" />
                <SequencePoint vc="3" uspid="74" ordinal="4" offset="35" sl="122" sc="13" el="122" ec="77" bec="0" bev="0" fileid="1" />
                <SequencePoint vc="3" uspid="75" ordinal="5" offset="53" sl="123" sc="13" el="123" ec="30" bec="2" bev="2" fileid="1" />
                <SequencePoint vc="1" uspid="76" ordinal="6" offset="63" sl="124" sc="13" el="124" ec="14" bec="0" bev="0" fileid="1" />
                <SequencePoint vc="1" uspid="77" ordinal="7" offset="64" sl="125" sc="17" el="125" ec="37" bec="0" bev="0" fileid="1" />
                <SequencePoint vc="2" uspid="78" ordinal="8" offset="73" sl="127" sc="13" el="127" ec="56" bec="0" bev="0" fileid="1" />
                <SequencePoint vc="2" uspid="79" ordinal="9" offset="86" sl="128" sc="13" el="128" ec="32" bec="2" bev="1" fileid="1" />
                <SequencePoint vc="2" uspid="80" ordinal="10" offset="96" sl="129" sc="13" el="129" ec="14" bec="0" bev="0" fileid="1" />
                <SequencePoint vc="2" uspid="81" ordinal="11" offset="97" sl="130" sc="17" el="130" ec="29" bec="0" bev="0" fileid="1" />
                <SequencePoint vc="0" uspid="82" ordinal="12" offset="106" sl="132" sc="13" el="132" ec="33" bec="0" bev="0" fileid="1" />
                <SequencePoint vc="4" uspid="83" ordinal="13" offset="115" sl="133" sc="9" el="133" ec="10" bec="0" bev="0" fileid="1" />
              </SequencePoints>
              <BranchPoints>
                <BranchPoint vc="1" uspid="84" ordinal="0" offset="17" sl="117" path="0" offsetend="19" fileid="1" />
                <BranchPoint vc="3" uspid="85" ordinal="1" offset="17" sl="117" path="1" offsetend="35" fileid="1" />
                <BranchPoint vc="1" uspid="86" ordinal="2" offset="61" sl="123" path="0" offsetend="63" fileid="1" />
                <BranchPoint vc="2" uspid="87" ordinal="3" offset="61" sl="123" path="1" offsetend="73" fileid="1" />
                <BranchPoint vc="2" uspid="88" ordinal="4" offset="94" sl="128" path="0" offsetend="96" fileid="1" />
                <BranchPoint vc="0" uspid="89" ordinal="5" offset="94" sl="128" path="1" offsetend="106" fileid="1" />
              </BranchPoints>
              <MethodPoint xsi:type="SequencePoint" vc="4" uspid="70" ordinal="0" offset="0" sl="115" sc="9" el="115" ec="10" bec="0" bev="0" fileid="1" />
            </Method>
            <Method visited="true" cyclomaticComplexity="3" nPathComplexity="4" sequenceCoverage="100" branchCoverage="100" isConstructor="false" isStatic="false" isGetter="false" isSetter="false">
              <Summary numSequencePoints="10" visitedSequencePoints="10" numBranchPoints="5" visitedBranchPoints="5" sequenceCoverage="100" branchCoverage="100" maxCyclomaticComplexity="3" minCyclomaticComplexity="3" visitedClasses="0" numClasses="0" visitedMethods="1" numMethods="1" />
              <MetadataToken>100663334</MetadataToken>
              <Name>System.Web.Http.IHttpActionResult ProjectManager.API.Controllers.ProjectManagerController::UpdateProject(ProjectManager.Entities.ProjectModel)</Name>
              <FileRef uid="1" />
              <SequencePoints>
                <SequencePoint vc="3" uspid="90" ordinal="0" offset="0" sl="140" sc="9" el="140" ec="10" bec="0" bev="0" fileid="1" />
                <SequencePoint vc="3" uspid="91" ordinal="1" offset="1" sl="141" sc="13" el="141" ec="37" bec="2" bev="2" fileid="1" />
                <SequencePoint vc="1" uspid="92" ordinal="2" offset="19" sl="142" sc="13" el="142" ec="14" bec="0" bev="0" fileid="1" />
                <SequencePoint vc="1" uspid="93" ordinal="3" offset="20" sl="143" sc="17" el="143" ec="47" bec="0" bev="0" fileid="1" />
                <SequencePoint vc="2" uspid="94" ordinal="4" offset="35" sl="146" sc="13" el="146" ec="59" bec="0" bev="0" fileid="1" />
                <SequencePoint vc="2" uspid="95" ordinal="5" offset="48" sl="148" sc="13" el="148" ec="32" bec="2" bev="2" fileid="1" />
                <SequencePoint vc="1" uspid="96" ordinal="6" offset="56" sl="149" sc="13" el="149" ec="14" bec="0" bev="0" fileid="1" />
                <SequencePoint vc="1" uspid="97" ordinal="7" offset="57" sl="150" sc="17" el="150" ec="54" bec="0" bev="0" fileid="1" />
                <SequencePoint vc="1" uspid="98" ordinal="8" offset="71" sl="152" sc="13" el="152" ec="33" bec="0" bev="0" fileid="1" />
                <SequencePoint vc="3" uspid="99" ordinal="9" offset="80" sl="153" sc="9" el="153" ec="10" bec="0" bev="0" fileid="1" />
              </SequencePoints>
              <BranchPoints>
                <BranchPoint vc="1" uspid="100" ordinal="0" offset="17" sl="141" path="0" offsetend="19" fileid="1" />
                <BranchPoint vc="2" uspid="101" ordinal="1" offset="17" sl="141" path="1" offsetend="35" fileid="1" />
                <BranchPoint vc="1" uspid="102" ordinal="2" offset="54" sl="148" path="0" offsetend="56" fileid="1" />
                <BranchPoint vc="1" uspid="103" ordinal="3" offset="54" sl="148" path="1" offsetend="71" fileid="1" />
              </BranchPoints>
              <MethodPoint xsi:type="SequencePoint" vc="3" uspid="90" ordinal="0" offset="0" sl="140" sc="9" el="140" ec="10" bec="0" bev="0" fileid="1" />
            </Method>
            <Method visited="true" cyclomaticComplexity="1" nPathComplexity="0" sequenceCoverage="100" branchCoverage="100" isConstructor="false" isStatic="false" isGetter="false" isSetter="false">
              <Summary numSequencePoints="5" visitedSequencePoints="5" numBranchPoints="1" visitedBranchPoints="1" sequenceCoverage="100" branchCoverage="100" maxCyclomaticComplexity="1" minCyclomaticComplexity="1" visitedClasses="0" numClasses="0" visitedMethods="1" numMethods="1" />
              <MetadataToken>100663335</MetadataToken>
              <Name>System.Collections.Generic.ICollection`1&lt;ProjectManager.Entities.TaskModel&gt; ProjectManager.API.Controllers.ProjectManagerController::GeTasks()</Name>
              <FileRef uid="1" />
              <SequencePoints>
                <SequencePoint vc="1" uspid="104" ordinal="0" offset="0" sl="158" sc="9" el="158" ec="10" bec="0" bev="0" fileid="1" />
                <SequencePoint vc="1" uspid="105" ordinal="1" offset="1" sl="159" sc="13" el="159" ec="47" bec="0" bev="0" fileid="1" />
                <SequencePoint vc="1" uspid="106" ordinal="2" offset="13" sl="160" sc="13" el="160" ec="50" bec="0" bev="0" fileid="1" />
                <SequencePoint vc="1" uspid="107" ordinal="3" offset="25" sl="161" sc="13" el="161" ec="27" bec="0" bev="0" fileid="1" />
                <SequencePoint vc="1" uspid="108" ordinal="4" offset="29" sl="162" sc="9" el="162" ec="10" bec="0" bev="0" fileid="1" />
              </SequencePoints>
              <BranchPoints />
              <MethodPoint xsi:type="SequencePoint" vc="1" uspid="104" ordinal="0" offset="0" sl="158" sc="9" el="158" ec="10" bec="0" bev="0" fileid="1" />
            </Method>
            <Method visited="true" cyclomaticComplexity="1" nPathComplexity="0" sequenceCoverage="100" branchCoverage="100" isConstructor="false" isStatic="false" isGetter="false" isSetter="false">
              <Summary numSequencePoints="5" visitedSequencePoints="5" numBranchPoints="1" visitedBranchPoints="1" sequenceCoverage="100" branchCoverage="100" maxCyclomaticComplexity="1" minCyclomaticComplexity="1" visitedClasses="0" numClasses="0" visitedMethods="1" numMethods="1" />
              <MetadataToken>100663336</MetadataToken>
              <Name>System.Collections.Generic.ICollection`1&lt;ProjectManager.Entities.TaskModel&gt; ProjectManager.API.Controllers.ProjectManagerController::GetParentTasksForProject(ProjectManager.Entities.ProjectModel)</Name>
              <FileRef uid="1" />
              <SequencePoints>
                <SequencePoint vc="1" uspid="109" ordinal="0" offset="0" sl="167" sc="9" el="167" ec="10" bec="0" bev="0" fileid="1" />
                <SequencePoint vc="1" uspid="110" ordinal="1" offset="1" sl="168" sc="13" el="168" ec="68" bec="0" bev="0" fileid="1" />
                <SequencePoint vc="1" uspid="111" ordinal="2" offset="14" sl="169" sc="13" el="169" ec="50" bec="0" bev="0" fileid="1" />
                <SequencePoint vc="1" uspid="112" ordinal="3" offset="26" sl="170" sc="13" el="170" ec="27" bec="0" bev="0" fileid="1" />
                <SequencePoint vc="1" uspid="113" ordinal="4" offset="30" sl="171" sc="9" el="171" ec="10" bec="0" bev="0" fileid="1" />
              </SequencePoints>
              <BranchPoints />
              <MethodPoint xsi:type="SequencePoint" vc="1" uspid="109" ordinal="0" offset="0" sl="167" sc="9" el="167" ec="10" bec="0" bev="0" fileid="1" />
            </Method>
            <Method visited="true" cyclomaticComplexity="1" nPathComplexity="0" sequenceCoverage="100" branchCoverage="100" isConstructor="false" isStatic="false" isGetter="false" isSetter="false">
              <Summary numSequencePoints="5" visitedSequencePoints="5" numBranchPoints="1" visitedBranchPoints="1" sequenceCoverage="100" branchCoverage="100" maxCyclomaticComplexity="1" minCyclomaticComplexity="1" visitedClasses="0" numClasses="0" visitedMethods="1" numMethods="1" />
              <MetadataToken>100663337</MetadataToken>
              <Name>System.Collections.Generic.ICollection`1&lt;ProjectManager.Entities.TaskModel&gt; ProjectManager.API.Controllers.ProjectManagerController::GetAllTaskForProject(ProjectManager.Entities.ProjectModel)</Name>
              <FileRef uid="1" />
              <SequencePoints>
                <SequencePoint vc="1" uspid="114" ordinal="0" offset="0" sl="176" sc="9" el="176" ec="10" bec="0" bev="0" fileid="1" />
                <SequencePoint vc="1" uspid="115" ordinal="1" offset="1" sl="177" sc="13" el="177" ec="64" bec="0" bev="0" fileid="1" />
                <SequencePoint vc="1" uspid="116" ordinal="2" offset="14" sl="178" sc="13" el="178" ec="50" bec="0" bev="0" fileid="1" />
                <SequencePoint vc="1" uspid="117" ordinal="3" offset="26" sl="179" sc="13" el="179" ec="27" bec="0" bev="0" fileid="1" />
                <SequencePoint vc="1" uspid="118" ordinal="4" offset="30" sl="180" sc="9" el="180" ec="10" bec="0" bev="0" fileid="1" />
              </SequencePoints>
              <BranchPoints />
              <MethodPoint xsi:type="SequencePoint" vc="1" uspid="114" ordinal="0" offset="0" sl="176" sc="9" el="176" ec="10" bec="0" bev="0" fileid="1" />
            </Method>
            <Method visited="true" cyclomaticComplexity="1" nPathComplexity="0" sequenceCoverage="100" branchCoverage="100" isConstructor="false" isStatic="false" isGetter="false" isSetter="false">
              <Summary numSequencePoints="5" visitedSequencePoints="5" numBranchPoints="1" visitedBranchPoints="1" sequenceCoverage="100" branchCoverage="100" maxCyclomaticComplexity="1" minCyclomaticComplexity="1" visitedClasses="0" numClasses="0" visitedMethods="1" numMethods="1" />
              <MetadataToken>100663338</MetadataToken>
              <Name>System.Collections.Generic.ICollection`1&lt;ProjectManager.Entities.TaskModel&gt; ProjectManager.API.Controllers.ProjectManagerController::GetParentTasks()</Name>
              <FileRef uid="1" />
              <SequencePoints>
                <SequencePoint vc="1" uspid="119" ordinal="0" offset="0" sl="185" sc="9" el="185" ec="10" bec="0" bev="0" fileid="1" />
                <SequencePoint vc="1" uspid="120" ordinal="1" offset="1" sl="186" sc="13" el="186" ec="53" bec="0" bev="0" fileid="1" />
                <SequencePoint vc="1" uspid="121" ordinal="2" offset="13" sl="187" sc="13" el="187" ec="50" bec="0" bev="0" fileid="1" />
                <SequencePoint vc="1" uspid="122" ordinal="3" offset="25" sl="188" sc="13" el="188" ec="27" bec="0" bev="0" fileid="1" />
                <SequencePoint vc="1" uspid="123" ordinal="4" offset="29" sl="189" sc="9" el="189" ec="10" bec="0" bev="0" fileid="1" />
              </SequencePoints>
              <BranchPoints />
              <MethodPoint xsi:type="SequencePoint" vc="1" uspid="119" ordinal="0" offset="0" sl="185" sc="9" el="185" ec="10" bec="0" bev="0" fileid="1" />
            </Method>
            <Method visited="true" cyclomaticComplexity="4" nPathComplexity="8" sequenceCoverage="92.86" branchCoverage="85.71" isConstructor="false" isStatic="false" isGetter="false" isSetter="false">
              <Summary numSequencePoints="14" visitedSequencePoints="13" numBranchPoints="7" visitedBranchPoints="6" sequenceCoverage="92.86" branchCoverage="85.71" maxCyclomaticComplexity="4" minCyclomaticComplexity="4" visitedClasses="0" numClasses="0" visitedMethods="1" numMethods="1" />
              <MetadataToken>100663339</MetadataToken>
              <Name>System.Web.Http.IHttpActionResult ProjectManager.API.Controllers.ProjectManagerController::AddTask(ProjectManager.Entities.TaskModel)</Name>
              <FileRef uid="1" />
              <SequencePoints>
                <SequencePoint vc="5" uspid="124" ordinal="0" offset="0" sl="195" sc="9" el="195" ec="10" bec="0" bev="0" fileid="1" />
                <SequencePoint vc="5" uspid="125" ordinal="1" offset="1" sl="197" sc="13" el="197" ec="37" bec="2" bev="2" fileid="1" />
                <SequencePoint vc="2" uspid="126" ordinal="2" offset="19" sl="198" sc="13" el="198" ec="14" bec="0" bev="0" fileid="1" />
                <SequencePoint vc="2" uspid="127" ordinal="3" offset="20" sl="199" sc="17" el="199" ec="47" bec="0" bev="0" fileid="1" />
                <SequencePoint vc="3" uspid="128" ordinal="4" offset="35" sl="202" sc="13" el="202" ec="73" bec="0" bev="0" fileid="1" />
                <SequencePoint vc="3" uspid="129" ordinal="5" offset="53" sl="203" sc="13" el="203" ec="38" bec="2" bev="2" fileid="1" />
                <SequencePoint vc="1" uspid="130" ordinal="6" offset="63" sl="204" sc="13" el="204" ec="14" bec="0" bev="0" fileid="1" />
                <SequencePoint vc="1" uspid="131" ordinal="7" offset="64" sl="205" sc="17" el="205" ec="37" bec="0" bev="0" fileid="1" />
                <SequencePoint vc="2" uspid="132" ordinal="8" offset="73" sl="207" sc="13" el="207" ec="50" bec="0" bev="0" fileid="1" />
                <SequencePoint vc="2" uspid="133" ordinal="9" offset="86" sl="208" sc="13" el="208" ec="32" bec="2" bev="1" fileid="1" />
                <SequencePoint vc="2" uspid="134" ordinal="10" offset="96" sl="209" sc="13" el="209" ec="14" bec="0" bev="0" fileid="1" />
                <SequencePoint vc="2" uspid="135" ordinal="11" offset="97" sl="210" sc="17" el="210" ec="29" bec="0" bev="0" fileid="1" />
                <SequencePoint vc="0" uspid="136" ordinal="12" offset="106" sl="212" sc="13" el="212" ec="33" bec="0" bev="0" fileid="1" />
                <SequencePoint vc="5" uspid="137" ordinal="13" offset="115" sl="213" sc="9" el="213" ec="10" bec="0" bev="0" fileid="1" />
              </SequencePoints>
              <BranchPoints>
                <BranchPoint vc="2" uspid="138" ordinal="0" offset="17" sl="197" path="0" offsetend="19" fileid="1" />
                <BranchPoint vc="3" uspid="139" ordinal="1" offset="17" sl="197" path="1" offsetend="35" fileid="1" />
                <BranchPoint vc="1" uspid="140" ordinal="2" offset="61" sl="203" path="0" offsetend="63" fileid="1" />
                <BranchPoint vc="2" uspid="141" ordinal="3" offset="61" sl="203" path="1" offsetend="73" fileid="1" />
                <BranchPoint vc="2" uspid="142" ordinal="4" offset="94" sl="208" path="0" offsetend="96" fileid="1" />
                <BranchPoint vc="0" uspid="143" ordinal="5" offset="94" sl="208" path="1" offsetend="106" fileid="1" />
              </BranchPoints>
              <MethodPoint xsi:type="SequencePoint" vc="5" uspid="124" ordinal="0" offset="0" sl="195" sc="9" el="195" ec="10" bec="0" bev="0" fileid="1" />
            </Method>
            <Method visited="true" cyclomaticComplexity="3" nPathComplexity="4" sequenceCoverage="80" branchCoverage="80" isConstructor="false" isStatic="false" isGetter="false" isSetter="false">
              <Summary numSequencePoints="10" visitedSequencePoints="8" numBranchPoints="5" visitedBranchPoints="4" sequenceCoverage="80" branchCoverage="80" maxCyclomaticComplexity="3" minCyclomaticComplexity="3" visitedClasses="0" numClasses="0" visitedMethods="1" numMethods="1" />
              <MetadataToken>100663340</MetadataToken>
              <Name>System.Web.Http.IHttpActionResult ProjectManager.API.Controllers.ProjectManagerController::UpdateTask(ProjectManager.Entities.TaskModel)</Name>
              <FileRef uid="1" />
              <SequencePoints>
                <SequencePoint vc="2" uspid="144" ordinal="0" offset="0" sl="220" sc="9" el="220" ec="10" bec="0" bev="0" fileid="1" />
                <SequencePoint vc="2" uspid="145" ordinal="1" offset="1" sl="221" sc="13" el="221" ec="37" bec="2" bev="1" fileid="1" />
                <SequencePoint vc="0" uspid="146" ordinal="2" offset="19" sl="222" sc="13" el="222" ec="14" bec="0" bev="0" fileid="1" />
                <SequencePoint vc="0" uspid="147" ordinal="3" offset="20" sl="223" sc="17" el="223" ec="47" bec="0" bev="0" fileid="1" />
                <SequencePoint vc="2" uspid="148" ordinal="4" offset="35" sl="225" sc="13" el="225" ec="53" bec="0" bev="0" fileid="1" />
                <SequencePoint vc="2" uspid="149" ordinal="5" offset="48" sl="227" sc="13" el="227" ec="32" bec="2" bev="2" fileid="1" />
                <SequencePoint vc="1" uspid="150" ordinal="6" offset="56" sl="228" sc="13" el="228" ec="14" bec="0" bev="0" fileid="1" />
                <SequencePoint vc="1" uspid="151" ordinal="7" offset="57" sl="229" sc="17" el="229" ec="54" bec="0" bev="0" fileid="1" />
                <SequencePoint vc="1" uspid="152" ordinal="8" offset="71" sl="231" sc="13" el="231" ec="33" bec="0" bev="0" fileid="1" />
                <SequencePoint vc="2" uspid="153" ordinal="9" offset="80" sl="232" sc="9" el="232" ec="10" bec="0" bev="0" fileid="1" />
              </SequencePoints>
              <BranchPoints>
                <BranchPoint vc="0" uspid="154" ordinal="0" offset="17" sl="221" path="0" offsetend="19" fileid="1" />
                <BranchPoint vc="2" uspid="155" ordinal="1" offset="17" sl="221" path="1" offsetend="35" fileid="1" />
                <BranchPoint vc="1" uspid="156" ordinal="2" offset="54" sl="227" path="0" offsetend="56" fileid="1" />
                <BranchPoint vc="1" uspid="157" ordinal="3" offset="54" sl="227" path="1" offsetend="71" fileid="1" />
              </BranchPoints>
              <MethodPoint xsi:type="SequencePoint" vc="2" uspid="144" ordinal="0" offset="0" sl="220" sc="9" el="220" ec="10" bec="0" bev="0" fileid="1" />
            </Method>
            <Method visited="true" cyclomaticComplexity="1" nPathComplexity="0" sequenceCoverage="100" branchCoverage="100" isConstructor="false" isStatic="false" isGetter="false" isSetter="false">
              <Summary numSequencePoints="5" visitedSequencePoints="5" numBranchPoints="1" visitedBranchPoints="1" sequenceCoverage="100" branchCoverage="100" maxCyclomaticComplexity="1" minCyclomaticComplexity="1" visitedClasses="0" numClasses="0" visitedMethods="1" numMethods="1" />
              <MetadataToken>100663341</MetadataToken>
              <Name>ProjectManager.Entities.TaskModel ProjectManager.API.Controllers.ProjectManagerController::GetTaskById(System.Int32)</Name>
              <FileRef uid="1" />
              <SequencePoints>
                <SequencePoint vc="1" uspid="158" ordinal="0" offset="0" sl="238" sc="9" el="238" ec="10" bec="0" bev="0" fileid="1" />
                <SequencePoint vc="1" uspid="159" ordinal="1" offset="1" sl="240" sc="13" el="240" ec="56" bec="0" bev="0" fileid="1" />
                <SequencePoint vc="1" uspid="160" ordinal="2" offset="14" sl="241" sc="13" el="241" ec="50" bec="0" bev="0" fileid="1" />
                <SequencePoint vc="1" uspid="161" ordinal="3" offset="26" sl="242" sc="13" el="242" ec="27" bec="0" bev="0" fileid="1" />
                <SequencePoint vc="1" uspid="162" ordinal="4" offset="30" sl="243" sc="9" el="243" ec="10" bec="0" bev="0" fileid="1" />
              </SequencePoints>
              <BranchPoints />
              <MethodPoint xsi:type="SequencePoint" vc="1" uspid="158" ordinal="0" offset="0" sl="238" sc="9" el="238" ec="10" bec="0" bev="0" fileid="1" />
            </Method>
          </Methods>
        </Class>
        <Class skippedDueTo="Filter">
          <FullName>ProjectManager.API.App_Start.GlobalExceptionHandler</FullName>
          <Methods />
        </Class>
        <Class skippedDueTo="Filter">
          <FullName>ProjectManager.API.App_Start.GlobalExceptionLogger</FullName>
          <Methods />
        </Class>
        <Class skippedDueTo="Filter">
          <FullName>ProjectManager.Api.BundleConfig</FullName>
          <Methods />
        </Class>
        <Class skippedDueTo="Filter">
          <FullName>ProjectManager.Api.FilterConfig</FullName>
          <Methods />
        </Class>
        <Class skippedDueTo="Filter">
          <FullName>ProjectManager.Api.RouteConfig</FullName>
          <Methods />
        </Class>
        <Class skippedDueTo="Filter">
          <FullName>ProjectManager.Api.WebApiConfig</FullName>
          <Methods />
        </Class>
        <Class skippedDueTo="Filter">
          <FullName>ProjectManager.Api.WebApiApplication</FullName>
          <Methods />
        </Class>
        <Class skippedDueTo="Filter">
          <FullName>ProjectManager.Api.Models.NotificationMessage</FullName>
          <Methods />
        </Class>
        <Class skippedDueTo="Filter">
          <FullName>ProjectManager.Api.Areas.HelpPage.ApiDescriptionExtensions</FullName>
          <Methods />
        </Class>
        <Class skippedDueTo="Filter">
          <FullName>ProjectManager.Api.Areas.HelpPage.HelpPageConfig</FullName>
          <Methods />
        </Class>
        <Class skippedDueTo="Filter">
          <FullName>ProjectManager.Api.Areas.HelpPage.HelpPageAreaRegistration</FullName>
          <Methods />
        </Class>
        <Class skippedDueTo="Filter">
          <FullName>ProjectManager.Api.Areas.HelpPage.HelpPageConfigurationExtensions</FullName>
          <Methods />
        </Class>
        <Class skippedDueTo="Filter">
          <FullName>ProjectManager.Api.Areas.HelpPage.HelpPageConfigurationExtensions/&lt;&gt;c</FullName>
          <Methods />
        </Class>
        <Class skippedDueTo="Filter">
          <FullName>ProjectManager.Api.Areas.HelpPage.HelpPageConfigurationExtensions/&lt;&gt;c__DisplayClass14_0</FullName>
          <Methods />
        </Class>
        <Class skippedDueTo="Filter">
          <FullName>ProjectManager.Api.Areas.HelpPage.HelpPageConfigurationExtensions/&lt;&gt;c__DisplayClass15_0</FullName>
          <Methods />
        </Class>
        <Class skippedDueTo="Filter">
          <FullName>ProjectManager.Api.Areas.HelpPage.HelpPageConfigurationExtensions/&lt;&gt;c__DisplayClass16_0</FullName>
          <Methods />
        </Class>
        <Class skippedDueTo="Filter">
          <FullName>ProjectManager.Api.Areas.HelpPage.HelpPageSampleGenerator</FullName>
          <Methods />
        </Class>
        <Class skippedDueTo="Filter">
          <FullName>ProjectManager.Api.Areas.HelpPage.HelpPageSampleGenerator/&lt;&gt;c</FullName>
          <Methods />
        </Class>
        <Class skippedDueTo="Filter">
          <FullName>ProjectManager.Api.Areas.HelpPage.HelpPageSampleGenerator/&lt;GetAllActionSamples&gt;d__30</FullName>
          <Methods />
        </Class>
        <Class skippedDueTo="Filter">
          <FullName>ProjectManager.Api.Areas.HelpPage.HelpPageSampleKey</FullName>
          <Methods />
        </Class>
        <Class skippedDueTo="Filter">
          <FullName>ProjectManager.Api.Areas.HelpPage.ImageSample</FullName>
          <Methods />
        </Class>
        <Class skippedDueTo="Filter">
          <FullName>ProjectManager.Api.Areas.HelpPage.InvalidSample</FullName>
          <Methods />
        </Class>
        <Class skippedDueTo="Filter">
          <FullName>ProjectManager.Api.Areas.HelpPage.ObjectGenerator</FullName>
          <Methods />
        </Class>
        <Class skippedDueTo="Filter">
          <FullName>ProjectManager.Api.Areas.HelpPage.ObjectGenerator/SimpleTypeObjectGenerator</FullName>
          <Methods />
        </Class>
        <Class skippedDueTo="Filter">
          <FullName>ProjectManager.Api.Areas.HelpPage.ObjectGenerator/SimpleTypeObjectGenerator/&lt;&gt;c</FullName>
          <Methods />
        </Class>
        <Class skippedDueTo="Filter">
          <FullName>ProjectManager.Api.Areas.HelpPage.TextSample</FullName>
          <Methods />
        </Class>
        <Class skippedDueTo="Filter">
          <FullName>ProjectManager.Api.Areas.HelpPage.XmlDocumentationProvider</FullName>
          <Methods />
        </Class>
        <Class skippedDueTo="Filter">
          <FullName>ProjectManager.Api.Areas.HelpPage.XmlDocumentationProvider/&lt;&gt;c</FullName>
          <Methods />
        </Class>
        <Class skippedDueTo="Filter">
          <FullName>ProjectManager.Api.Areas.HelpPage.Models.HelpPageApiModel</FullName>
          <Methods />
        </Class>
        <Class skippedDueTo="Filter">
          <FullName>ProjectManager.Api.Areas.HelpPage.ModelDescriptions.CollectionModelDescription</FullName>
          <Methods />
        </Class>
        <Class skippedDueTo="Filter">
          <FullName>ProjectManager.Api.Areas.HelpPage.ModelDescriptions.ComplexTypeModelDescription</FullName>
          <Methods />
        </Class>
        <Class skippedDueTo="Filter">
          <FullName>ProjectManager.Api.Areas.HelpPage.ModelDescriptions.DictionaryModelDescription</FullName>
          <Methods />
        </Class>
        <Class skippedDueTo="Filter">
          <FullName>ProjectManager.Api.Areas.HelpPage.ModelDescriptions.EnumTypeModelDescription</FullName>
          <Methods />
        </Class>
        <Class skippedDueTo="Filter">
          <FullName>ProjectManager.Api.Areas.HelpPage.ModelDescriptions.EnumValueDescription</FullName>
          <Methods />
        </Class>
        <Class skippedDueTo="Filter">
          <FullName>ProjectManager.Api.Areas.HelpPage.ModelDescriptions.KeyValuePairModelDescription</FullName>
          <Methods />
        </Class>
        <Class skippedDueTo="Filter">
          <FullName>ProjectManager.Api.Areas.HelpPage.ModelDescriptions.ModelDescription</FullName>
          <Methods />
        </Class>
        <Class skippedDueTo="Filter">
          <FullName>ProjectManager.Api.Areas.HelpPage.ModelDescriptions.ModelDescriptionGenerator</FullName>
          <Methods />
        </Class>
        <Class skippedDueTo="Filter">
          <FullName>ProjectManager.Api.Areas.HelpPage.ModelDescriptions.ModelDescriptionGenerator/&lt;&gt;c__DisplayClass3_0</FullName>
          <Methods />
        </Class>
        <Class skippedDueTo="Filter">
          <FullName>ProjectManager.Api.Areas.HelpPage.ModelDescriptions.ModelDescriptionGenerator/&lt;&gt;c</FullName>
          <Methods />
        </Class>
        <Class skippedDueTo="Filter">
          <FullName>ProjectManager.Api.Areas.HelpPage.ModelDescriptions.ModelNameAttribute</FullName>
          <Methods />
        </Class>
        <Class skippedDueTo="Filter">
          <FullName>ProjectManager.Api.Areas.HelpPage.ModelDescriptions.ModelNameHelper</FullName>
          <Methods />
        </Class>
        <Class skippedDueTo="Filter">
          <FullName>ProjectManager.Api.Areas.HelpPage.ModelDescriptions.ModelNameHelper/&lt;&gt;c</FullName>
          <Methods />
        </Class>
        <Class skippedDueTo="Filter">
          <FullName>ProjectManager.Api.Areas.HelpPage.ModelDescriptions.ParameterAnnotation</FullName>
          <Methods />
        </Class>
        <Class skippedDueTo="Filter">
          <FullName>ProjectManager.Api.Areas.HelpPage.ModelDescriptions.ParameterDescription</FullName>
          <Methods />
        </Class>
        <Class skippedDueTo="Filter">
          <FullName>ProjectManager.Api.Areas.HelpPage.ModelDescriptions.SimpleTypeModelDescription</FullName>
          <Methods />
        </Class>
        <Class skippedDueTo="Filter">
          <FullName>ProjectManager.Api.Areas.HelpPage.Controllers.HelpController</FullName>
          <Methods />
        </Class>
        <Class skippedDueTo="Filter">
          <FullName>ProjectManager.Api.Areas.HelpPage.Controllers.HelpController/&lt;&gt;o__7</FullName>
          <Methods />
        </Class>
      </Classes>
    </Module>
    <Module skippedDueTo="Filter" hash="F9-9B-B5-71-3A-BE-A4-D1-7B-42-24-6F-13-97-0A-EB-C4-29-42-FE">
      <ModulePath>C:\FSD\Final\ProjectManagement\Service\ProjectManager.Service\ProjectManager.Api.Tests\bin\Debug\System.Web.Http.dll</ModulePath>
      <ModuleTime>2018-05-11T05:39:16Z</ModuleTime>
      <ModuleName>System.Web.Http</ModuleName>
      <Classes />
    </Module>
    <Module skippedDueTo="Filter" hash="31-76-6A-81-5B-45-2B-B2-02-8C-E4-69-D2-C3-8F-87-B1-54-25-E8">
      <ModulePath>C:\Windows\Microsoft.Net\assembly\GAC_MSIL\System.Core\v4.0_4.0.0.0__b77a5c561934e089\System.Core.dll</ModulePath>
      <ModuleTime>2018-09-24T13:34:28.5323649Z</ModuleTime>
      <ModuleName>System.Core</ModuleName>
      <Classes />
    </Module>
    <Module skippedDueTo="Filter" hash="">
      <ModulePath>RefEmit_InMemoryManifestModule</ModulePath>
      <ModuleTime>0001-01-01T00:00:00</ModuleTime>
      <ModuleName>Anonymously Hosted DynamicMethods Assembly</ModuleName>
      <Classes />
    </Module>
    <Module skippedDueTo="Filter" hash="DC-F4-0A-C8-75-B2-1A-32-F0-02-BF-85-DD-12-4B-9A-C7-9B-3D-61">
      <ModulePath>C:\FSD\Final\ProjectManagement\Service\ProjectManager.Service\ProjectManager.Api.Tests\bin\Debug\NSubstitute.dll</ModulePath>
      <ModuleTime>2017-10-28T04:03:00Z</ModuleTime>
      <ModuleName>NSubstitute</ModuleName>
      <Classes />
    </Module>
    <Module skippedDueTo="Filter" hash="56-AB-E3-3E-B0-AA-95-3F-45-FB-44-1F-D0-94-F5-7C-AB-43-67-F0">
      <ModulePath>C:\FSD\Final\ProjectManagement\Service\ProjectManager.Service\ProjectManager.Api.Tests\bin\Debug\Castle.Core.dll</ModulePath>
      <ModuleTime>2017-09-28T08:34:34Z</ModuleTime>
      <ModuleName>Castle.Core</ModuleName>
      <Classes />
    </Module>
    <Module skippedDueTo="Filter" hash="">
      <ModulePath>RefEmit_InMemoryManifestModule</ModulePath>
      <ModuleTime>0001-01-01T00:00:00</ModuleTime>
      <ModuleName>DynamicProxyGenAssembly2</ModuleName>
      <Classes />
    </Module>
    <Module skippedDueTo="Filter" hash="B0-AB-62-4B-AA-32-AD-A8-2E-19-2B-B2-98-82-02-06-E8-CF-C0-67">
      <ModulePath>C:\Windows\Microsoft.Net\assembly\GAC_MSIL\System.ComponentModel.DataAnnotations\v4.0_4.0.0.0__31bf3856ad364e35\System.ComponentModel.DataAnnotations.dll</ModulePath>
      <ModuleTime>2018-09-24T13:34:32.5011141Z</ModuleTime>
      <ModuleName>System.ComponentModel.DataAnnotations</ModuleName>
      <Classes />
    </Module>
  </Modules>
</CoverageSession>